C:\USERS\CPETIT\DOCUMENTS\VISUAL STUDIO 2010\PROJECTS\P4\DEBUG\P4.EXE
C:\USERS\CPETIT\DOCUMENTS\VISUAL STUDIO 2010\PROJECTS\P4\DEBUG\P4.ILK
C:\USERS\CPETIT\DOCUMENTS\VISUAL STUDIO 2010\PROJECTS\P4\DEBUG\P4.PDB
C:\USERS\CPETIT\DOCUMENTS\VISUAL STUDIO 2010\PROJECTS\P4\P4\DEBUG\CASE.OBJ
C:\Users\cpetit\Documents\Visual Studio 2010\Projects\P4\P4\Debug\cl.command.1.tlog
C:\Users\cpetit\Documents\Visual Studio 2010\Projects\P4\P4\Debug\CL.read.1.tlog
C:\Users\cpetit\Documents\Visual Studio 2010\Projects\P4\P4\Debug\CL.write.1.tlog
C:\USERS\CPETIT\DOCUMENTS\VISUAL STUDIO 2010\PROJECTS\P4\P4\DEBUG\COLONNE.OBJ
C:\USERS\CPETIT\DOCUMENTS\VISUAL STUDIO 2010\PROJECTS\P4\P4\DEBUG\ETATCOURANT.OBJ
C:\USERS\CPETIT\DOCUMENTS\VISUAL STUDIO 2010\PROJECTS\P4\P4\DEBUG\FENETRE.OBJ
C:\Users\cpetit\Documents\Visual Studio 2010\Projects\P4\P4\Debug\link.command.1.tlog
C:\Users\cpetit\Documents\Visual Studio 2010\Projects\P4\P4\Debug\link.read.1.tlog
C:\Users\cpetit\Documents\Visual Studio 2010\Projects\P4\P4\Debug\link.write.1.tlog
C:\USERS\CPETIT\DOCUMENTS\VISUAL STUDIO 2010\PROJECTS\P4\P4\DEBUG\MAIN.OBJ
C:\Users\cpetit\Documents\Visual Studio 2010\Projects\P4\P4\Debug\mt.command.1.tlog
C:\Users\cpetit\Documents\Visual Studio 2010\Projects\P4\P4\Debug\mt.read.1.tlog
C:\Users\cpetit\Documents\Visual Studio 2010\Projects\P4\P4\Debug\mt.write.1.tlog
C:\USERS\CPETIT\DOCUMENTS\VISUAL STUDIO 2010\PROJECTS\P4\P4\DEBUG\P4.EXE.INTERMEDIATE.MANIFEST
C:\Users\cpetit\Documents\Visual Studio 2010\Projects\P4\P4\Debug\P4.write.1.tlog
C:\USERS\CPETIT\DOCUMENTS\VISUAL STUDIO 2010\PROJECTS\P4\P4\DEBUG\PARTIE.OBJ
C:\USERS\CPETIT\DOCUMENTS\VISUAL STUDIO 2010\PROJECTS\P4\P4\DEBUG\PION.OBJ
C:\Users\cpetit\Documents\Visual Studio 2010\Projects\P4\P4\Debug\vc100.idb
C:\USERS\CPETIT\DOCUMENTS\VISUAL STUDIO 2010\PROJECTS\P4\P4\DEBUG\VC100.PDB
