Build started 12/31/2013 7:16:02 AM.
     1>Project "C:\Users\cpetit\Documents\Visual Studio 2010\Projects\P4\P4\P4.vcxproj" on node 2 (rebuild target(s)).
     1>_PrepareForClean:
         Deleting file "Debug\P4.lastbuildstate".
       InitializeBuildStatus:
         Creating "Debug\P4.unsuccessfulbuild" because "AlwaysCreate" was specified.
       ClCompile:
         C:\Program Files (x86)\Microsoft Visual Studio 10.0\VC\bin\CL.exe /c /ZI /nologo /W3 /WX- /Od /Oy- /D _MBCS /Gm /EHsc /RTC1 /MDd /GS /fp:precise /Zc:wchar_t /Zc:forScope /Fo"Debug\\" /Fd"Debug\vc100.pdb" /Gd /TP /analyze- /errorReport:prompt Case.cpp Colonne.cpp EtatCourant.cpp Fenetre.cpp main.cpp Partie.cpp Pion.cpp
         Pion.cpp
         Partie.cpp
         main.cpp
         Fenetre.cpp
         EtatCourant.cpp
         Colonne.cpp
         Case.cpp
         Generating Code...
       Link:
         C:\Program Files (x86)\Microsoft Visual Studio 10.0\VC\bin\link.exe /ERRORREPORT:PROMPT /OUT:"C:\Users\cpetit\Documents\Visual Studio 2010\Projects\P4\Debug\P4.exe" /NOLOGO kernel32.lib user32.lib gdi32.lib winspool.lib comdlg32.lib advapi32.lib shell32.lib ole32.lib oleaut32.lib uuid.lib odbc32.lib odbccp32.lib kernel32.lib user32.lib gdi32.lib winspool.lib comdlg32.lib advapi32.lib shell32.lib ole32.lib oleaut32.lib uuid.lib odbc32.lib odbccp32.lib opengl32.lib glu32.lib glut32.lib /MANIFEST /ManifestFile:"Debug\P4.exe.intermediate.manifest" /MANIFESTUAC:"level='asInvoker' uiAccess='false'" /DEBUG /PDB:"C:\Users\cpetit\Documents\Visual Studio 2010\Projects\P4\Debug\P4.pdb" /TLBID:1 /DYNAMICBASE /NXCOMPAT /IMPLIB:"C:\Users\cpetit\Documents\Visual Studio 2010\Projects\P4\Debug\P4.lib" /MACHINE:X86 Debug\Case.obj
         Debug\Colonne.obj
         Debug\EtatCourant.obj
         Debug\Fenetre.obj
         Debug\main.obj
         Debug\Partie.obj
         Debug\Pion.obj
         P4.vcxproj -> C:\Users\cpetit\Documents\Visual Studio 2010\Projects\P4\Debug\P4.exe
       Manifest:
         C:\Program Files (x86)\Microsoft SDKs\Windows\v7.0A\bin\mt.exe /nologo /verbose /outputresource:"C:\Users\cpetit\Documents\Visual Studio 2010\Projects\P4\Debug\P4.exe;#1" /manifest Debug\P4.exe.intermediate.manifest
       FinalizeBuildStatus:
         Deleting file "Debug\P4.unsuccessfulbuild".
         Touching "Debug\P4.lastbuildstate".
     1>Done Building Project "C:\Users\cpetit\Documents\Visual Studio 2010\Projects\P4\P4\P4.vcxproj" (rebuild target(s)).

Build succeeded.

Time Elapsed 00:00:07.20
